*****************************************************************
      SolidWorks Corporation - IGES Processor Status Report
*****************************************************************
=================================================================
General Information
=================================================================
Sending System Product I.D.  : USB-Mini B_Cable(1)
Receiving System Product I.D.: USB-Mini B_Cable(1)
File Name                    : D:\3D-Lib\?¸?????∞\±?≈è\USB-Mini B_Cable.IGS
Sending System               : SolidWorks 2012
Preprocessor Version         : SolidWorks 2012
File Creation Date           : 131127.132134
Model Creation Date          : 131127.132134
Units                        : MM
Model Space Scale            : 1
Author                       : Ildong
Organization                 : 


=================================================================
Entity Processing Information
=================================================================


=================================================================
Precision analysis of IGES file:
=================================================================
  Most prevalent number of significant digits:              10
  Highest number of significant digits:                     11
  Average number of significant digits:                8.32799
  Maximum distance to origin:                          1733.29
  Minimum distance to origin:                                0
  Effective number of significant digits:                   11


=================================================================
Entity Summary
=================================================================
-----------------------------------------------------------------
Type Name                                         Count Converted
---- ----                                         ----- ---------
100  Arc                                            636       636
102  Composite curve                               1330      1330
110  Line                                          2244      2244
120  Surface of revolution                           99        99
124  Transformation matrix                          428       428
126  Rational B-spline curve                       4236      4236
128  Rational B-spline surface                      532       532
142  Curve on a parametric surface                  665       665
144  Trimmed parametric surface                     631       631
314  Color definition                               336       336
_________________________________________________________________


=================================================================
Result Summary
=================================================================
SolidWorks Feature Type                Count
-----------------------                -----
Solid feature(s)                       8
Surface feature(s)                     0
Curve/Sketch feature(s)                0
--------------------------------------------
Start time: kolmap‰ev, veebruar 11, 2015 16:23:12
Finish time: kolmap‰ev, veebruar 11, 2015 16:23:23
Processing time: 0 days, 00 hours, 00 mins, 11 secs
